[2023-01-04 10:22:23.218] [info]  [
  {
    data: {
      type: 'Buffer',
      data: [
        255, 216, 255, 224,   0,  16,  74,  70,  73,  70,   0,   1,
          1,   0,   0,   1,   0,   1,   0,   0, 255, 225,   0,  24,
         69, 120, 105, 102,   0,   0,  73,  73,  42,   0,   8,   0,
          0,   0,   0,   0,   0,   0,   0,   0,   0,   0, 255, 236,
          0,  17,  68, 117,  99, 107, 121,   0,   1,   0,   4,   0,
          0,   0,  60,   0,   0, 255, 225,   3,  45, 104, 116, 116,
        112,  58,  47,  47, 110, 115,  46,  97, 100, 111,  98, 101,
         46,  99, 111, 109,  47, 120,  97, 112,  47,  49,  46,  48,
         47,   0,  60,  63,
        ... 52696 more items
      ]
    },
    sourcePath: 'F:/OneDrive/Imagens/NW_Picture/Into-the-Void-1080.jpg',
    destinationPath: 'C:\\Users\\filip\\imageShrink\\Into-the-Void-1080.jpg'
  }
]
[2023-01-04 10:22:41.812] [info]  [
  {
    data: {
      type: 'Buffer',
      data: [
        255, 216, 255, 224,   0,  16,  74,  70,  73,  70,   0,   1,
          1,   0,   0,   1,   0,   1,   0,   0, 255, 225,   0,  24,
         69, 120, 105, 102,   0,   0,  73,  73,  42,   0,   8,   0,
          0,   0,   0,   0,   0,   0,   0,   0,   0,   0, 255, 236,
          0,  17,  68, 117,  99, 107, 121,   0,   1,   0,   4,   0,
          0,   0,  60,   0,   0, 255, 225,   3,  45, 104, 116, 116,
        112,  58,  47,  47, 110, 115,  46,  97, 100, 111,  98, 101,
         46,  99, 111, 109,  47, 120,  97, 112,  47,  49,  46,  48,
         47,   0,  60,  63,
        ... 52696 more items
      ]
    },
    sourcePath: 'F:/OneDrive/Imagens/NW_Picture/Into-the-Void-1080.jpg',
    destinationPath: 'C:\\Users\\filip\\imageShrink\\Into-the-Void-1080.jpg'
  }
]
